<?xml version="1.0" encoding="UTF-8"?>
<!-- Generated by org.testng.reporters.JUnitReportReporter -->
<testsuite hostname="IN-PG02H8T7" failures="0" tests="2" name="Nagarro.ApiTesting.reqPost" time="2.697" errors="0" timestamp="2023-07-25T15:46:17 IST" skipped="0">
  <testcase classname="Nagarro.ApiTesting.reqPost" name="putRq" time="0.653"/>
  <system-out/>
  <testcase classname="Nagarro.ApiTesting.reqPost" name="postRq" time="2.044"/>
  <system-out/>
</testsuite> <!-- Nagarro.ApiTesting.reqPost -->
