<?xml version="1.0" encoding="UTF-8"?>
<!-- Generated by org.testng.reporters.JUnitReportReporter -->
<testsuite hostname="IN-PG02H8T7" failures="0" tests="1" name="Nagarro.ApiTesting.reqRes" time="0.401" errors="0" timestamp="2023-07-25T15:46:17 IST" skipped="0">
  <testcase classname="Nagarro.ApiTesting.reqRes" name="getRq" time="0.401"/>
  <system-out/>
</testsuite> <!-- Nagarro.ApiTesting.reqRes -->
